[22.935s] DEBUG:colcon:Command line arguments: ['/usr/bin/colcon', 'build']
[22.937s] DEBUG:colcon:Parsed command line arguments: Namespace(allow_overriding=[], ament_cmake_args=None, base_paths=['.'], build_base='build', catkin_cmake_args=None, catkin_skip_building_tests=False, cmake_args=None, cmake_clean_cache=False, cmake_clean_first=False, cmake_force_configure=False, cmake_target=None, cmake_target_skip_unavailable=False, continue_on_error=False, event_handlers=None, executor='parallel', ignore_user_meta=False, install_base='install', log_base=None, log_level=None, main=<bound method BuildVerb.main of <colcon_core.verb.build.BuildVerb object at 0xffff96c49d90>>, merge_install=False, metas=['./colcon.meta'], packages_above=None, packages_above_and_dependencies=None, packages_above_depth=None, packages_end=None, packages_ignore=None, packages_ignore_regex=None, packages_select=None, packages_select_build_failed=False, packages_select_by_dep=None, packages_select_regex=None, packages_select_test_failures=False, packages_skip=None, packages_skip_build_finished=False, packages_skip_by_dep=None, packages_skip_regex=None, packages_skip_test_passed=False, packages_skip_up_to=None, packages_start=None, packages_up_to=None, packages_up_to_regex=None, parallel_workers=4, paths=None, symlink_install=False, test_result_base=None, verb_extension=<colcon_core.verb.build.BuildVerb object at 0xffff96c49d90>, verb_name='build', verb_parser=<colcon_defaults.argument_parser.defaults.DefaultArgumentsDecorator object at 0xffff968e9e80>)
[24.080s] Level 1:colcon.colcon_core.package_discovery:discover_packages(colcon_meta) check parameters
[24.081s] Level 1:colcon.colcon_core.package_discovery:discover_packages(recursive) check parameters
[24.082s] Level 1:colcon.colcon_core.package_discovery:discover_packages(ignore) check parameters
[24.082s] Level 1:colcon.colcon_core.package_discovery:discover_packages(path) check parameters
[24.083s] Level 1:colcon.colcon_core.package_discovery:discover_packages(colcon_meta) discover
[24.084s] Level 1:colcon.colcon_core.package_discovery:discover_packages(recursive) discover
[24.085s] INFO:colcon.colcon_core.package_discovery:Crawling recursively for packages in '/home/ubuntu/robot_ws/src'
[24.087s] Level 1:colcon.colcon_core.package_identification:_identify(.) by extensions ['ignore', 'ignore_ament_install']
[24.088s] Level 1:colcon.colcon_core.package_identification:_identify(.) by extension 'ignore'
[24.089s] Level 1:colcon.colcon_core.package_identification:_identify(.) by extension 'ignore_ament_install'
[24.091s] Level 1:colcon.colcon_core.package_identification:_identify(.) by extensions ['colcon_pkg']
[24.091s] Level 1:colcon.colcon_core.package_identification:_identify(.) by extension 'colcon_pkg'
[24.093s] Level 1:colcon.colcon_core.package_identification:_identify(.) by extensions ['colcon_meta']
[24.093s] Level 1:colcon.colcon_core.package_identification:_identify(.) by extension 'colcon_meta'
[24.094s] Level 1:colcon.colcon_core.package_identification:_identify(.) by extensions ['ros']
[24.095s] Level 1:colcon.colcon_core.package_identification:_identify(.) by extension 'ros'
[24.261s] Level 1:colcon.colcon_core.package_identification:_identify(.) by extensions ['cmake', 'python']
[24.262s] Level 1:colcon.colcon_core.package_identification:_identify(.) by extension 'cmake'
[24.263s] Level 1:colcon.colcon_core.package_identification:_identify(.) by extension 'python'
[24.264s] Level 1:colcon.colcon_core.package_identification:_identify(.) by extensions ['python_setup_py']
[24.264s] Level 1:colcon.colcon_core.package_identification:_identify(.) by extension 'python_setup_py'
[24.266s] Level 1:colcon.colcon_core.package_identification:_identify(build) by extensions ['ignore', 'ignore_ament_install']
[24.268s] Level 1:colcon.colcon_core.package_identification:_identify(build) by extension 'ignore'
[24.269s] Level 1:colcon.colcon_core.package_identification:_identify(build) ignored
[24.270s] Level 1:colcon.colcon_core.package_identification:_identify(install) by extensions ['ignore', 'ignore_ament_install']
[24.272s] Level 1:colcon.colcon_core.package_identification:_identify(install) by extension 'ignore'
[24.273s] Level 1:colcon.colcon_core.package_identification:_identify(install) ignored
[24.275s] Level 1:colcon.colcon_core.package_identification:_identify(log) by extensions ['ignore', 'ignore_ament_install']
[24.276s] Level 1:colcon.colcon_core.package_identification:_identify(log) by extension 'ignore'
[24.277s] Level 1:colcon.colcon_core.package_identification:_identify(log) ignored
[24.279s] Level 1:colcon.colcon_core.package_identification:_identify(tutorial_ros2_motor) by extensions ['ignore', 'ignore_ament_install']
[24.280s] Level 1:colcon.colcon_core.package_identification:_identify(tutorial_ros2_motor) by extension 'ignore'
[24.281s] Level 1:colcon.colcon_core.package_identification:_identify(tutorial_ros2_motor) by extension 'ignore_ament_install'
[24.282s] Level 1:colcon.colcon_core.package_identification:_identify(tutorial_ros2_motor) by extensions ['colcon_pkg']
[24.283s] Level 1:colcon.colcon_core.package_identification:_identify(tutorial_ros2_motor) by extension 'colcon_pkg'
[24.283s] Level 1:colcon.colcon_core.package_identification:_identify(tutorial_ros2_motor) by extensions ['colcon_meta']
[24.284s] Level 1:colcon.colcon_core.package_identification:_identify(tutorial_ros2_motor) by extension 'colcon_meta'
[24.285s] Level 1:colcon.colcon_core.package_identification:_identify(tutorial_ros2_motor) by extensions ['ros']
[24.285s] Level 1:colcon.colcon_core.package_identification:_identify(tutorial_ros2_motor) by extension 'ros'
[24.320s] DEBUG:colcon.colcon_core.package_identification:Package 'tutorial_ros2_motor' with type 'ros.ament_cmake' and name 'tutorial_ros2_motor'
[24.320s] Level 1:colcon.colcon_core.package_discovery:discover_packages(recursive) using defaults
[24.321s] Level 1:colcon.colcon_core.package_discovery:discover_packages(ignore) discover
[24.322s] Level 1:colcon.colcon_core.package_discovery:discover_packages(ignore) using defaults
[24.322s] Level 1:colcon.colcon_core.package_discovery:discover_packages(path) discover
[24.323s] Level 1:colcon.colcon_core.package_discovery:discover_packages(path) using defaults
[26.566s] Level 1:colcon.colcon_core.package_discovery:discover_packages(prefix_path) check parameters
[26.571s] Level 1:colcon.colcon_core.package_discovery:discover_packages(prefix_path) discover
[26.963s] Level 1:colcon.colcon_core.package_discovery:discover_packages(prefix_path) using defaults
[27.743s] Level 5:colcon.colcon_core.verb:set package 'tutorial_ros2_motor' build argument 'cmake_args' from command line to 'None'
[27.744s] Level 5:colcon.colcon_core.verb:set package 'tutorial_ros2_motor' build argument 'cmake_target' from command line to 'None'
[27.744s] Level 5:colcon.colcon_core.verb:set package 'tutorial_ros2_motor' build argument 'cmake_target_skip_unavailable' from command line to 'False'
[27.745s] Level 5:colcon.colcon_core.verb:set package 'tutorial_ros2_motor' build argument 'cmake_clean_cache' from command line to 'False'
[27.745s] Level 5:colcon.colcon_core.verb:set package 'tutorial_ros2_motor' build argument 'cmake_clean_first' from command line to 'False'
[27.746s] Level 5:colcon.colcon_core.verb:set package 'tutorial_ros2_motor' build argument 'cmake_force_configure' from command line to 'False'
[27.746s] Level 5:colcon.colcon_core.verb:set package 'tutorial_ros2_motor' build argument 'ament_cmake_args' from command line to 'None'
[27.747s] Level 5:colcon.colcon_core.verb:set package 'tutorial_ros2_motor' build argument 'catkin_cmake_args' from command line to 'None'
[27.747s] Level 5:colcon.colcon_core.verb:set package 'tutorial_ros2_motor' build argument 'catkin_skip_building_tests' from command line to 'False'
[27.748s] DEBUG:colcon.colcon_core.verb:Building package 'tutorial_ros2_motor' with the following arguments: {'ament_cmake_args': None, 'build_base': '/home/ubuntu/robot_ws/src/build/tutorial_ros2_motor', 'catkin_cmake_args': None, 'catkin_skip_building_tests': False, 'cmake_args': None, 'cmake_clean_cache': False, 'cmake_clean_first': False, 'cmake_force_configure': False, 'cmake_target': None, 'cmake_target_skip_unavailable': False, 'install_base': '/home/ubuntu/robot_ws/src/install/tutorial_ros2_motor', 'merge_install': False, 'path': '/home/ubuntu/robot_ws/src/tutorial_ros2_motor', 'symlink_install': False, 'test_result_base': None}
[28.074s] INFO:colcon.colcon_core.executor:Executing jobs using 'parallel' executor
[28.360s] DEBUG:colcon.colcon_parallel_executor.executor.parallel:run_until_complete
[28.362s] INFO:colcon.colcon_ros.task.ament_cmake.build:Building ROS package in '/home/ubuntu/robot_ws/src/tutorial_ros2_motor' with build type 'ament_cmake'
[28.364s] INFO:colcon.colcon_cmake.task.cmake.build:Building CMake package in '/home/ubuntu/robot_ws/src/tutorial_ros2_motor'
[28.830s] INFO:colcon.colcon_core.plugin_system:Skipping extension 'colcon_core.shell.bat': Not used on non-Windows systems
[28.835s] INFO:colcon.colcon_core.shell:Skip shell extension 'powershell' for command environment: Not usable outside of PowerShell
[28.836s] DEBUG:colcon.colcon_core.shell:Skip shell extension 'dsv' for command environment
[29.353s] DEBUG:colcon.colcon_core.event_handler.log_command:Invoking command in '/home/ubuntu/robot_ws/src/build/tutorial_ros2_motor': /usr/bin/cmake /home/ubuntu/robot_ws/src/tutorial_ros2_motor -DCMAKE_INSTALL_PREFIX=/home/ubuntu/robot_ws/src/install/tutorial_ros2_motor
[35.251s] DEBUG:colcon.colcon_core.event_handler.log_command:Invoked command in '/home/ubuntu/robot_ws/src/build/tutorial_ros2_motor' returned '1': /usr/bin/cmake /home/ubuntu/robot_ws/src/tutorial_ros2_motor -DCMAKE_INSTALL_PREFIX=/home/ubuntu/robot_ws/src/install/tutorial_ros2_motor
[35.412s] Level 1:colcon.colcon_core.environment:create_environment_scripts_only(tutorial_ros2_motor)
[35.808s] Level 1:colcon.colcon_core.environment:checking '/home/ubuntu/robot_ws/src/install/tutorial_ros2_motor' for CMake module files
[35.812s] Level 1:colcon.colcon_core.environment:checking '/home/ubuntu/robot_ws/src/install/tutorial_ros2_motor' for CMake config files
[35.817s] Level 1:colcon.colcon_core.environment:checking '/home/ubuntu/robot_ws/src/install/tutorial_ros2_motor/bin'
[35.818s] Level 1:colcon.colcon_core.environment:checking '/home/ubuntu/robot_ws/src/install/tutorial_ros2_motor/lib/pkgconfig/tutorial_ros2_motor.pc'
[35.831s] Level 1:colcon.colcon_core.environment:checking '/home/ubuntu/robot_ws/src/install/tutorial_ros2_motor/lib/python3.8/site-packages'
[35.833s] Level 1:colcon.colcon_core.environment:checking '/home/ubuntu/robot_ws/src/install/tutorial_ros2_motor/bin'
[36.242s] INFO:colcon.colcon_core.shell:Creating package script '/home/ubuntu/robot_ws/src/install/tutorial_ros2_motor/share/tutorial_ros2_motor/package.ps1'
[36.251s] INFO:colcon.colcon_core.shell:Creating package descriptor '/home/ubuntu/robot_ws/src/install/tutorial_ros2_motor/share/tutorial_ros2_motor/package.dsv'
[36.257s] INFO:colcon.colcon_core.shell:Creating package script '/home/ubuntu/robot_ws/src/install/tutorial_ros2_motor/share/tutorial_ros2_motor/package.sh'
[36.267s] INFO:colcon.colcon_core.shell:Creating package script '/home/ubuntu/robot_ws/src/install/tutorial_ros2_motor/share/tutorial_ros2_motor/package.bash'
[36.276s] INFO:colcon.colcon_core.shell:Creating package script '/home/ubuntu/robot_ws/src/install/tutorial_ros2_motor/share/tutorial_ros2_motor/package.zsh'
[36.286s] Level 1:colcon.colcon_core.environment:create_file_with_runtime_dependencies(/home/ubuntu/robot_ws/src/install/tutorial_ros2_motor/share/colcon-core/packages/tutorial_ros2_motor)
[36.306s] DEBUG:colcon.colcon_parallel_executor.executor.parallel:closing loop
[36.318s] DEBUG:colcon.colcon_parallel_executor.executor.parallel:loop closed
[36.318s] DEBUG:colcon.colcon_parallel_executor.executor.parallel:run_until_complete finished with '1'
[36.319s] DEBUG:colcon.colcon_core.event_reactor:joining thread
[36.777s] INFO:colcon.colcon_core.plugin_system:Skipping extension 'colcon_notification.desktop_notification.terminal_notifier': Not used on non-Darwin systems
[36.778s] INFO:colcon.colcon_core.plugin_system:Skipping extension 'colcon_notification.desktop_notification.win32': Not used on non-Windows systems
[36.779s] INFO:colcon.colcon_notification.desktop_notification:Sending desktop notification using 'notify2'
[36.976s] DEBUG:colcon.colcon_core.event_reactor:joined thread
[37.372s] INFO:colcon.colcon_core.shell:Creating prefix script '/home/ubuntu/robot_ws/src/install/local_setup.ps1'
[37.382s] INFO:colcon.colcon_core.shell:Creating prefix util module '/home/ubuntu/robot_ws/src/install/_local_setup_util_ps1.py'
[37.396s] INFO:colcon.colcon_core.shell:Creating prefix chain script '/home/ubuntu/robot_ws/src/install/setup.ps1'
[37.809s] INFO:colcon.colcon_core.shell:Creating prefix script '/home/ubuntu/robot_ws/src/install/local_setup.sh'
[37.812s] INFO:colcon.colcon_core.shell:Creating prefix util module '/home/ubuntu/robot_ws/src/install/_local_setup_util_sh.py'
[37.815s] INFO:colcon.colcon_core.shell:Creating prefix chain script '/home/ubuntu/robot_ws/src/install/setup.sh'
[38.139s] INFO:colcon.colcon_core.shell:Creating prefix script '/home/ubuntu/robot_ws/src/install/local_setup.bash'
[38.144s] INFO:colcon.colcon_core.shell:Creating prefix chain script '/home/ubuntu/robot_ws/src/install/setup.bash'
[38.544s] INFO:colcon.colcon_core.shell:Creating prefix script '/home/ubuntu/robot_ws/src/install/local_setup.zsh'
[38.550s] INFO:colcon.colcon_core.shell:Creating prefix chain script '/home/ubuntu/robot_ws/src/install/setup.zsh'
