[0.980s] Invoking command in '/home/ubuntu/robot_ws/src/build/tutorial_ros2_motor': /usr/bin/cmake /home/ubuntu/robot_ws/src/tutorial_ros2_motor -DCMAKE_INSTALL_PREFIX=/home/ubuntu/robot_ws/src/install/tutorial_ros2_motor
[2.221s] -- The C compiler identification is GNU 9.4.0
[2.841s] -- The CXX compiler identification is GNU 9.4.0
[2.903s] -- Check for working C compiler: /usr/bin/cc
[3.565s] -- Check for working C compiler: /usr/bin/cc -- works
[3.573s] -- Detecting C compiler ABI info
[4.322s] -- Detecting C compiler ABI info - done
[4.434s] -- Detecting C compile features
[4.452s] -- Detecting C compile features - done
[4.466s] -- Check for working CXX compiler: /usr/bin/c++
[5.306s] -- Check for working CXX compiler: /usr/bin/c++ -- works
[5.317s] -- Detecting CXX compiler ABI info
[6.240s] -- Detecting CXX compiler ABI info - done
[6.366s] -- Detecting CXX compile features
[6.384s] -- Detecting CXX compile features - done
[6.846s] CMake Error at CMakeLists.txt:19 (find_package):
[6.848s]   By not providing "Findament_cmake.cmake" in CMAKE_MODULE_PATH this project
[6.849s]   has asked CMake to find a package configuration file provided by
[6.850s]   "ament_cmake", but CMake did not find one.
[6.851s] 
[6.851s]   Could not find a package configuration file provided by "ament_cmake" with
[6.853s]   any of the following names:
[6.854s] 
[6.855s]     ament_cmakeConfig.cmake
[6.856s]     ament_cmake-config.cmake
[6.858s] 
[6.859s]   Add the installation prefix of "ament_cmake" to CMAKE_PREFIX_PATH or set
[6.861s]   "ament_cmake_DIR" to a directory containing one of the above files.  If
[6.863s]   "ament_cmake" provides a separate development package or SDK, be sure it
[6.865s]   has been installed.
[6.867s] 
[6.869s] 
[6.871s] -- Configuring incomplete, errors occurred!
[6.873s] See also "/home/ubuntu/robot_ws/src/build/tutorial_ros2_motor/CMakeFiles/CMakeOutput.log".
[6.886s] Invoked command in '/home/ubuntu/robot_ws/src/build/tutorial_ros2_motor' returned '1': /usr/bin/cmake /home/ubuntu/robot_ws/src/tutorial_ros2_motor -DCMAKE_INSTALL_PREFIX=/home/ubuntu/robot_ws/src/install/tutorial_ros2_motor
